<?xml version="1.0" encoding="UTF-8"?>
<robot generator="Robot 2.8.7 (Jython 2.5.3 on java1.8.0_05)" generated="20150124 22:48:57.616">
<suite source="C:\_GITHUB\Sikuli-and-Robot-Framework-Integration\step_2\robot_suite\verify_operations.txt" name="Verify Operations" id="s1">
<test name="Verify that 2 + 2 = 4" id="s1-t1">
<kw type="kw" name="Calculator.Start App">
<doc></doc>
<arguments>
</arguments>
<msg level="TRACE" timestamp="20150124 22:48:59.728">Arguments: [  ]</msg>
<msg level="INFO" timestamp="20150124 22:49:00.743">[log] App.focus Rechner(0) #0</msg>
<msg level="TRACE" timestamp="20150124 22:49:00.743">Return: None</msg>
<status endtime="20150124 22:49:00.743" starttime="20150124 22:48:59.728" status="PASS"></status>
</kw>
<kw type="kw" name="Calculator.Verify App">
<doc></doc>
<arguments>
</arguments>
<msg level="TRACE" timestamp="20150124 22:49:00.743">Arguments: [  ]</msg>
<msg level="INFO" timestamp="20150124 22:49:01.658">PASS: Calculator window appeared</msg>
<msg level="TRACE" timestamp="20150124 22:49:01.658">Return: None</msg>
<status endtime="20150124 22:49:01.658" starttime="20150124 22:49:00.743" status="PASS"></status>
</kw>
<kw type="kw" name="Calculator.Perform Action">
<doc></doc>
<arguments>
<arg>2</arg>
<arg>+</arg>
<arg>2</arg>
</arguments>
<msg level="TRACE" timestamp="20150124 22:49:01.674">Arguments: [ u'2' | u'+' | u'2' ]</msg>
<msg level="INFO" timestamp="20150124 22:49:07.091">[log] CLICK on L(258,324)@S(0)[0,0 1280x800]
[log] CLICK on L(219,420)@S(0)[0,0 1280x800]
[log] CLICK on L(297,452)@S(0)[0,0 1280x800]
[log] CLICK on L(219,420)@S(0)[0,0 1280x800]
[log] CLICK on L(336,436)@S(0)[0,0 1280x800]</msg>
<msg level="TRACE" timestamp="20150124 22:49:07.091">Return: None</msg>
<status endtime="20150124 22:49:07.091" starttime="20150124 22:49:01.674" status="PASS"></status>
</kw>
<kw type="kw" name="Calculator.Verify Result">
<doc></doc>
<arguments>
<arg>4</arg>
</arguments>
<msg level="TRACE" timestamp="20150124 22:49:07.107">Arguments: [ u'4' ]</msg>
<msg level="INFO" timestamp="20150124 22:49:07.326">4
4
PASS: Action performed correctly and result equals 4
[log] ( Strg )  TYPE "c"</msg>
<msg level="TRACE" timestamp="20150124 22:49:07.326">Return: None</msg>
<status endtime="20150124 22:49:07.326" starttime="20150124 22:49:07.091" status="PASS"></status>
</kw>
<doc></doc>
<tags>
</tags>
<status critical="yes" endtime="20150124 22:49:07.326" starttime="20150124 22:48:59.728" status="PASS"></status>
</test>
<test name="Verify that 2 + 2 = 5" id="s1-t2">
<kw type="kw" name="Calculator.Start App">
<doc></doc>
<arguments>
</arguments>
<msg level="TRACE" timestamp="20150124 22:49:07.341">Arguments: [  ]</msg>
<msg level="INFO" timestamp="20150124 22:49:08.357">[log] App.focus Rechner(0) #0</msg>
<msg level="TRACE" timestamp="20150124 22:49:08.357">Return: None</msg>
<status endtime="20150124 22:49:08.357" starttime="20150124 22:49:07.341" status="PASS"></status>
</kw>
<kw type="kw" name="Calculator.Verify App">
<doc></doc>
<arguments>
</arguments>
<msg level="TRACE" timestamp="20150124 22:49:08.357">Arguments: [  ]</msg>
<msg level="INFO" timestamp="20150124 22:49:08.513">PASS: Calculator window appeared</msg>
<msg level="TRACE" timestamp="20150124 22:49:08.513">Return: None</msg>
<status endtime="20150124 22:49:08.513" starttime="20150124 22:49:08.357" status="PASS"></status>
</kw>
<kw type="kw" name="Calculator.Perform Action">
<doc></doc>
<arguments>
<arg>2</arg>
<arg>+</arg>
<arg>2</arg>
</arguments>
<msg level="TRACE" timestamp="20150124 22:49:08.513">Arguments: [ u'2' | u'+' | u'2' ]</msg>
<msg level="INFO" timestamp="20150124 22:49:11.460">[log] CLICK on L(258,324)@S(0)[0,0 1280x800]
[log] CLICK on L(219,420)@S(0)[0,0 1280x800]
[log] CLICK on L(297,452)@S(0)[0,0 1280x800]
[log] CLICK on L(219,420)@S(0)[0,0 1280x800]
[log] CLICK on L(336,436)@S(0)[0,0 1280x800]</msg>
<msg level="TRACE" timestamp="20150124 22:49:11.460">Return: None</msg>
<status endtime="20150124 22:49:11.460" starttime="20150124 22:49:08.513" status="PASS"></status>
</kw>
<kw type="kw" name="Calculator.Verify Result">
<doc></doc>
<arguments>
<arg>5</arg>
</arguments>
<msg level="TRACE" timestamp="20150124 22:49:11.460">Arguments: [ u'5' ]</msg>
<msg level="INFO" timestamp="20150124 22:49:11.555">5
4
FAIL: Actual result '4' is not equal to expected result '5'
[log] ( Strg )  TYPE "c"</msg>
<msg level="TRACE" timestamp="20150124 22:49:11.555">Return: None</msg>
<status endtime="20150124 22:49:11.555" starttime="20150124 22:49:11.460" status="PASS"></status>
</kw>
<doc></doc>
<tags>
</tags>
<status critical="yes" endtime="20150124 22:49:11.555" starttime="20150124 22:49:07.341" status="PASS"></status>
</test>
<doc></doc>
<metadata>
</metadata>
<status endtime="20150124 22:49:11.571" starttime="20150124 22:48:57.616" status="PASS"></status>
</suite>
<statistics>
<total>
<stat pass="2" fail="0">Critical Tests</stat>
<stat pass="2" fail="0">All Tests</stat>
</total>
<tag>
</tag>
<suite>
<stat pass="2" fail="0" name="Verify Operations" id="s1">Verify Operations</stat>
</suite>
</statistics>
<errors>
</errors>
</robot>
